[debug] [2024-10-23T08:55:58.785Z] ----------------------------------------------------------------------
[debug] [2024-10-23T08:55:58.787Z] Command:       C:\Program Files\nodejs\node.exe C:\Users\workv\AppData\Roaming\npm\node_modules\firebase-tools\lib\bin\firebase.js init
[debug] [2024-10-23T08:55:58.787Z] CLI Version:   13.15.4
[debug] [2024-10-23T08:55:58.788Z] Platform:      win32
[debug] [2024-10-23T08:55:58.788Z] Node Version:  v20.11.1
[debug] [2024-10-23T08:55:58.788Z] Time:          Wed Oct 23 2024 17:55:58 GMT+0900 (대한민국 표준시)
[debug] [2024-10-23T08:55:58.788Z] ----------------------------------------------------------------------
[debug] 
[debug] [2024-10-23T08:55:58.792Z] > command requires scopes: ["email","openid","https://www.googleapis.com/auth/cloudplatformprojects.readonly","https://www.googleapis.com/auth/firebase","https://www.googleapis.com/auth/cloud-platform"]
[debug] [2024-10-23T08:55:58.792Z] > authorizing via signed-in user (rlaakfejd2@gmail.com)
[info] 
     ######## #### ########  ######## ########     ###     ######  ########
     ##        ##  ##     ## ##       ##     ##  ##   ##  ##       ##
     ######    ##  ########  ######   ########  #########  ######  ######
     ##        ##  ##    ##  ##       ##     ## ##     ##       ## ##
     ##       #### ##     ## ######## ########  ##     ##  ######  ########

You're about to initialize a Firebase project in this directory:

  C:\Users\workv\Documents\github\Insurance

[info] 
=== Project Setup
[info] 
[info] First, let's associate this project directory with a Firebase project.
[info] You can create multiple project aliases by running firebase use --add, 
[info] but for now we'll just set up a default project.
[info] 
[debug] [2024-10-23T08:56:09.718Z] > refreshing access token with scopes: []
[debug] [2024-10-23T08:56:09.720Z] >>> [apiv2][query] POST https://www.googleapis.com/oauth2/v3/token [none]
[debug] [2024-10-23T08:56:09.720Z] >>> [apiv2][body] POST https://www.googleapis.com/oauth2/v3/token [omitted]
[debug] [2024-10-23T08:56:09.984Z] <<< [apiv2][status] POST https://www.googleapis.com/oauth2/v3/token 200
[debug] [2024-10-23T08:56:09.984Z] <<< [apiv2][body] POST https://www.googleapis.com/oauth2/v3/token [omitted]
[debug] [2024-10-23T08:56:09.993Z] >>> [apiv2][query] GET https://firebase.googleapis.com/v1beta1/projects pageSize=100
[debug] [2024-10-23T08:56:10.655Z] <<< [apiv2][status] GET https://firebase.googleapis.com/v1beta1/projects 200
[debug] [2024-10-23T08:56:10.655Z] <<< [apiv2][body] GET https://firebase.googleapis.com/v1beta1/projects [omitted]
